Server up and running! Listening for incomming connections...
num connections in last interval 6140
avg connections per interval 6140
error bound: 3935.74
num connections in last interval 11999
avg connections per interval 9069
error bound: 4110.57364649
num connections in last interval 12010
avg connections per interval 10049
error bound: 3718.94922011
num connections in last interval 12002
avg connections per interval 10537
error bound: 3377.1085
num connections in last interval 11833
avg connections per interval 10796
error bound: 3094.82362327
num connections in last interval 8164
avg connections per interval 10357
error bound: 2710.29385592
num connections in last interval 6009
avg connections per interval 9736
error bound: 2358.79161201
num connections in last interval 6005
avg connections per interval 9269
error bound: 2100.61236792
num connections in last interval 6004
avg connections per interval 8906
error bound: 1902.91533333
num connections in last interval 6016
avg connections per interval 8617
error bound: 1746.68311691
num connections in last interval 11145
avg connections per interval 8846
DDOS WARNING
error bound: 1709.655556
num connections in last interval 15549
avg connections per interval 9404
DDOS DETECTED! ERROR: 1
error bound: 1740.12331903
num connections in last interval 15884
avg connections per interval 9902
DDOS DETECTED! ERROR: 2
error bound: 1760.39155044
num connections in last interval 2933
avg connections per interval 9404
error bound: 1611.04114484
num connections in last interval 6035
avg connections per interval 6036
error bound: 3869.076
num connections in last interval 22321
avg connections per interval 14178
DDOS WARNING
error bound: 6426.25572389
num connections in last interval 8880
avg connections per interval 12412
error bound: 4593.4518579
num connections in last interval 6006
avg connections per interval 10810
error bound: 3464.605
num connections in last interval 9798
avg connections per interval 10607
error bound: 3040.64414339
num connections in last interval 12009
avg connections per interval 10840
error bound: 2836.68875139
num connections in last interval 12005
avg connections per interval 11006
error bound: 2666.48115055
num connections in last interval 11957
avg connections per interval 11124
error bound: 2521.00679477
num connections in last interval 14688
avg connections per interval 11520
DDOS WARNING
error bound: 2461.44
num connections in last interval 15325
avg connections per interval 11900
DDOS DETECTED! ERROR: 1
error bound: 2412.1537764
num connections in last interval 19106
avg connections per interval 12555
DDOS DETECTED! ERROR: 2
error bound: 2426.48943088
num connections in last interval 31885
avg connections per interval 14165
DDOS DETECTED! ERROR: 3
error bound: 2621.10238346
num connections in last interval 24971
avg connections per interval 14996
DDOS DETECTED! ERROR: 4
error bound: 2666.0100677
num connections in last interval 2988
avg connections per interval 14138
error bound: 2422.04377986
num connections in last interval 12008
avg connections per interval 12008
error bound: 7697.128
num connections in last interval 11986
avg connections per interval 11997
error bound: 5437.70559455
num connections in last interval 11216
avg connections per interval 11736
error bound: 4343.27674865
num connections in last interval 6623
avg connections per interval 10457
error bound: 3351.4685
num connections in last interval 3850
avg connections per interval 9135
error bound: 2618.67486093
