Server up and running! Listening for incomming connections...
num connections in last interval 166
avg connections per interval 166
error bound: 162.68
num connections in last interval 170
avg connections per interval 168
error bound: 116.418060455
num connections in last interval 171
avg connections per interval 169
error bound: 95.6207515832
num connections in last interval 168
avg connections per interval 168
error bound: 82.32
num connections in last interval 7016
avg connections per interval 1537
DDOS WARNING
error bound: 673.619950358
num connections in last interval 19240
avg connections per interval 4487
DDOS DETECTED! ERROR: 1
error bound: 1795.17387773
num connections in last interval 30242
avg connections per interval 8166
DDOS DETECTED! ERROR: 2
error bound: 3024.72872886
num connections in last interval 10139
avg connections per interval 8412
error bound: 2914.60929924
num connections in last interval 8613
avg connections per interval 8613
error bound: 8440.74
num connections in last interval 8370
avg connections per interval 8491
error bound: 5883.96280547
num connections in last interval 170
avg connections per interval 5717
error bound: 3234.69725918
num connections in last interval 162
avg connections per interval 4328
error bound: 2120.72
num connections in last interval 168
avg connections per interval 3496
error bound: 1532.18955527
num connections in last interval 164
avg connections per interval 2940
error bound: 1176.24497448
num connections in last interval 171
avg connections per interval 2544
error bound: 942.310786949
num connections in last interval 168
avg connections per interval 2247
error bound: 778.54577929
num connections in last interval 6558
avg connections per interval 2726
DDOS WARNING
error bound: 890.493333333
num connections in last interval 18181
avg connections per interval 4271
DDOS DETECTED! ERROR: 1
error bound: 1323.59661288
num connections in last interval 18180
avg connections per interval 5535
DDOS DETECTED! ERROR: 2
error bound: 1635.48798639
num connections in last interval 14239
avg connections per interval 6260
DDOS DETECTED! ERROR: 3
error bound: 1770.96421571
num connections in last interval 14704
avg connections per interval 6909
DDOS DETECTED! ERROR: 4
error bound: 1877.8875913
num connections in last interval 167
avg connections per interval 6427
error bound: 1683.33424174
num connections in last interval 170
avg connections per interval 170
error bound: 166.6
num connections in last interval 163
avg connections per interval 166
error bound: 115.032131163
num connections in last interval 168
avg connections per interval 166
error bound: 93.9233417918
num connections in last interval 47
avg connections per interval 136
error bound: 66.64
