Server up and running! Listening for incomming connections...
num connections in last interval 1518
avg connections per interval 1519
error bound: 973.679
num connections in last interval 1487
avg connections per interval 1503
error bound: 681.242936451
num connections in last interval 1478
avg connections per interval 1494
error bound: 552.901794691
num connections in last interval 1460
avg connections per interval 1485
error bound: 475.9425
num connections in last interval 1495
avg connections per interval 1487
error bound: 426.269241182
num connections in last interval 1614
avg connections per interval 1508
error bound: 394.624228515
num connections in last interval 1575
avg connections per interval 1517
error bound: 367.531519661
num connections in last interval 3082
avg connections per interval 1712
DDOS WARNING
error bound: 387.98666241
num connections in last interval 21784
avg connections per interval 3942
DDOS DETECTED! ERROR: 1
error bound: 842.274
num connections in last interval 13757
avg connections per interval 4923
DDOS DETECTED! ERROR: 2
error bound: 997.901936237
num connections in last interval 13801
avg connections per interval 5730
DDOS DETECTED! ERROR: 3
error bound: 1107.43006284
num connections in last interval 7519
avg connections per interval 5879
DDOS DETECTED! ERROR: 4
error bound: 1087.85463554
num connections in last interval 12318
avg connections per interval 6374
DDOS DETECTED! ERROR: 5
error bound: 1133.17872576
num connections in last interval 8112
avg connections per interval 6498
DDOS DETECTED! ERROR: 6
error bound: 1113.20133552
num connections in last interval 4745
avg connections per interval 6381
error bound: 1056.09052102
num connections in last interval 1581
avg connections per interval 1581
error bound: 1013.421
num connections in last interval 1540
avg connections per interval 1560
error bound: 707.078496915
num connections in last interval 1556
avg connections per interval 1558
error bound: 576.587012134
num connections in last interval 1501
avg connections per interval 1543
error bound: 494.5315
num connections in last interval 1488
avg connections per interval 1532
error bound: 439.169117344
num connections in last interval 1464
avg connections per interval 1520
error bound: 397.764474365
num connections in last interval 9153
avg connections per interval 2610
DDOS WARNING
error bound: 632.338342989
num connections in last interval 24645
avg connections per interval 5364
DDOS DETECTED! ERROR: 1
error bound: 1215.63110816
num connections in last interval 15213
avg connections per interval 6458
DDOS DETECTED! ERROR: 2
error bound: 1379.85933333
num connections in last interval 30718
avg connections per interval 8884
DDOS DETECTED! ERROR: 3
error bound: 1800.80455038
num connections in last interval 20852
avg connections per interval 9972
DDOS DETECTED! ERROR: 4
error bound: 1927.27619313
num connections in last interval 10925
avg connections per interval 10051
error bound: 1859.84469158
num connections in last interval 1488
avg connections per interval 1488
error bound: 953.808
num connections in last interval 1458
avg connections per interval 1473
error bound: 667.645273049
num connections in last interval 1292
avg connections per interval 1412
error bound: 522.555109841
num connections in last interval 0
avg connections per interval 1059
error bound: 339.4095
